<?xml version="1.0" encoding="UTF-8"?>
<!-- Generated by org.testng.reporters.JUnitXMLReporter -->
<testsuite hostname="DESKTOP-KMPVALL" ignored="0" name="Test" tests="1" failures="1" timestamp="2020-10-13T06:23:04 IST" time="16.213" errors="0">
  <testcase name="@AfterClass afterClass" time="0.001" classname="com.Project1.MyTrip">
    <failure type="java.lang.NullPointerException">
      <![CDATA[java.lang.NullPointerException
at com.Project1.MyTrip.afterClass(MyTrip.java:155)
at java.util.ArrayList.forEach(Unknown Source)
... Removed 25 stack frames]]>
    </failure>
  </testcase> <!-- @AfterClass afterClass -->
  <testcase name="Trip" time="0.061" classname="com.Project1.MyTrip">
    <failure type="java.lang.NullPointerException">
      <![CDATA[java.lang.NullPointerException
at com.Project1.MyTrip.Trip(MyTrip.java:38)
at java.util.ArrayList.forEach(Unknown Source)
... Removed 27 stack frames]]>
    </failure>
  </testcase> <!-- Trip -->
</testsuite> <!-- Test -->
